Build started 25-01-2026 03:06:51.
     1>Project "C:\Users\imsha\Documents\GitHub\Obscure-Defiled\Obscure Defiled\Obscure Defiled.vcxproj" on node 2 (Build target(s)).
     1>C:\Program Files (x86)\MSBuild\Microsoft.Cpp\v4.0\V120\Microsoft.CppBuild.targets(381,5): warning MSB8028: The intermediate directory (Debug\) contains files shared from another project (demo.vcxproj).  This can lead to incorrect clean and rebuild behavior.
     1>ClCompile:
         C:\Program Files (x86)\Microsoft Visual Studio 12.0\VC\bin\CL.exe /c /ZI /nologo /W3 /WX- /sdl /Od /Oy- /D _MBCS /Gm /EHsc /RTC1 /MDd /GS /fp:precise /Zc:wchar_t /Zc:forScope /Fo"Debug\\" /Fd"Debug\vc120.pdb" /Gd /TP /analyze- /errorReport:prompt iMain.cpp
         iMain.cpp
     1>c:\users\imsha\documents\github\obscure-defiled\obscure defiled\imain.cpp(2): warning C4067: unexpected tokens following preprocessor directive - expected a newline
     1>c:\users\imsha\documents\github\obscure-defiled\obscure defiled\imain.cpp(3): warning C4067: unexpected tokens following preprocessor directive - expected a newline
     1>c:\users\imsha\documents\github\obscure-defiled\obscure defiled\test.cpp(2): fatal error C1083: Cannot open include file: 'bits/stdc++.h': No such file or directory
     1>Done Building Project "C:\Users\imsha\Documents\GitHub\Obscure-Defiled\Obscure Defiled\Obscure Defiled.vcxproj" (Build target(s)) -- FAILED.

Build FAILED.

Time Elapsed 00:00:02.18
